CRITICAL - 2022-06-01 00:43:45 --> syntax error, unexpected '}', expecting ';' or ','
#0 F:\laragon\www\plucommerce\system\View\View.php(217): CodeIgniter\View\View->CodeIgniter\View\{closure}()
#1 F:\laragon\www\plucommerce\system\Common.php(1092): CodeIgniter\View\View->render('home/v_keranjan...', Array, true)
#2 F:\laragon\www\plucommerce\app\Controllers\home\Keranjang.php(27): view('home/v_keranjan...', Array)
#3 F:\laragon\www\plucommerce\system\CodeIgniter.php(802): App\Controllers\home\Keranjang->index()
#4 F:\laragon\www\plucommerce\system\CodeIgniter.php(399): CodeIgniter\CodeIgniter->runController(Object(App\Controllers\home\Keranjang))
#5 F:\laragon\www\plucommerce\system\CodeIgniter.php(317): CodeIgniter\CodeIgniter->handleRequest(NULL, Object(Config\Cache), false)
#6 F:\laragon\www\plucommerce\public\index.php(37): CodeIgniter\CodeIgniter->run()
#7 {main}
CRITICAL - 2022-06-01 00:59:43 --> Undefined index: gambar_blog
#0 F:\laragon\www\plucommerce\app\Views\admin\v_blog.php(36): CodeIgniter\Debug\Exceptions->errorHandler(8, 'Undefined index...', 'F:\\laragon\\www\\...', 36, Array)
#1 F:\laragon\www\plucommerce\system\View\View.php(214): include('F:\\laragon\\www\\...')
#2 F:\laragon\www\plucommerce\system\View\View.php(217): CodeIgniter\View\View->CodeIgniter\View\{closure}()
#3 F:\laragon\www\plucommerce\system\Common.php(1092): CodeIgniter\View\View->render('admin/v_blog', Array, true)
#4 F:\laragon\www\plucommerce\app\Controllers\admin\Blog.php(26): view('admin/v_blog', Array)
#5 F:\laragon\www\plucommerce\system\CodeIgniter.php(802): App\Controllers\admin\Blog->index()
#6 F:\laragon\www\plucommerce\system\CodeIgniter.php(399): CodeIgniter\CodeIgniter->runController(Object(App\Controllers\admin\Blog))
#7 F:\laragon\www\plucommerce\system\CodeIgniter.php(317): CodeIgniter\CodeIgniter->handleRequest(NULL, Object(Config\Cache), false)
#8 F:\laragon\www\plucommerce\public\index.php(37): CodeIgniter\CodeIgniter->run()
#9 {main}
CRITICAL - 2022-06-01 01:03:31 --> Undefined variable: validation
#0 F:\laragon\www\plucommerce\app\Views\admin\v_formblog.php(16): CodeIgniter\Debug\Exceptions->errorHandler(8, 'Undefined varia...', 'F:\\laragon\\www\\...', 16, Array)
#1 F:\laragon\www\plucommerce\system\View\View.php(214): include('F:\\laragon\\www\\...')
#2 F:\laragon\www\plucommerce\system\View\View.php(217): CodeIgniter\View\View->CodeIgniter\View\{closure}()
#3 F:\laragon\www\plucommerce\system\Common.php(1092): CodeIgniter\View\View->render('admin/v_formblo...', Array, true)
#4 F:\laragon\www\plucommerce\app\Controllers\admin\Blog.php(36): view('admin/v_formblo...', Array)
#5 F:\laragon\www\plucommerce\system\CodeIgniter.php(802): App\Controllers\admin\Blog->formblog()
#6 F:\laragon\www\plucommerce\system\CodeIgniter.php(399): CodeIgniter\CodeIgniter->runController(Object(App\Controllers\admin\Blog))
#7 F:\laragon\www\plucommerce\system\CodeIgniter.php(317): CodeIgniter\CodeIgniter->handleRequest(NULL, Object(Config\Cache), false)
#8 F:\laragon\www\plucommerce\public\index.php(37): CodeIgniter\CodeIgniter->run()
#9 {main}
CRITICAL - 2022-06-01 01:28:39 --> Undefined index: id_pegawai
#0 F:\laragon\www\plucommerce\app\Views\admin\v_blog.php(40): CodeIgniter\Debug\Exceptions->errorHandler(8, 'Undefined index...', 'F:\\laragon\\www\\...', 40, Array)
#1 F:\laragon\www\plucommerce\system\View\View.php(214): include('F:\\laragon\\www\\...')
#2 F:\laragon\www\plucommerce\system\View\View.php(217): CodeIgniter\View\View->CodeIgniter\View\{closure}()
#3 F:\laragon\www\plucommerce\system\Common.php(1092): CodeIgniter\View\View->render('admin/v_blog', Array, true)
#4 F:\laragon\www\plucommerce\app\Controllers\admin\Blog.php(26): view('admin/v_blog', Array)
#5 F:\laragon\www\plucommerce\system\CodeIgniter.php(802): App\Controllers\admin\Blog->index()
#6 F:\laragon\www\plucommerce\system\CodeIgniter.php(399): CodeIgniter\CodeIgniter->runController(Object(App\Controllers\admin\Blog))
#7 F:\laragon\www\plucommerce\system\CodeIgniter.php(317): CodeIgniter\CodeIgniter->handleRequest(NULL, Object(Config\Cache), false)
#8 F:\laragon\www\plucommerce\public\index.php(37): CodeIgniter\CodeIgniter->run()
#9 {main}
CRITICAL - 2022-06-01 01:30:44 --> Call to undefined function word_limiter()
#0 F:\laragon\www\plucommerce\system\View\View.php(214): include()
#1 F:\laragon\www\plucommerce\system\View\View.php(217): CodeIgniter\View\View->CodeIgniter\View\{closure}()
#2 F:\laragon\www\plucommerce\system\Common.php(1092): CodeIgniter\View\View->render('admin/v_blog', Array, true)
#3 F:\laragon\www\plucommerce\app\Controllers\admin\Blog.php(26): view('admin/v_blog', Array)
#4 F:\laragon\www\plucommerce\system\CodeIgniter.php(802): App\Controllers\admin\Blog->index()
#5 F:\laragon\www\plucommerce\system\CodeIgniter.php(399): CodeIgniter\CodeIgniter->runController(Object(App\Controllers\admin\Blog))
#6 F:\laragon\www\plucommerce\system\CodeIgniter.php(317): CodeIgniter\CodeIgniter->handleRequest(NULL, Object(Config\Cache), false)
#7 F:\laragon\www\plucommerce\public\index.php(37): CodeIgniter\CodeIgniter->run()
#8 {main}
CRITICAL - 2022-06-01 01:42:28 --> Invalid file: admin/v_editblog.php
#0 F:\laragon\www\plucommerce\system\View\View.php(198): CodeIgniter\Exceptions\FrameworkException::forInvalidFile('admin/v_editblo...')
#1 F:\laragon\www\plucommerce\system\Common.php(1092): CodeIgniter\View\View->render('admin/v_editblo...', Array, true)
#2 F:\laragon\www\plucommerce\app\Controllers\admin\Blog.php(49): view('admin/v_editblo...', Array)
#3 F:\laragon\www\plucommerce\system\CodeIgniter.php(802): App\Controllers\admin\Blog->editblog('1')
#4 F:\laragon\www\plucommerce\system\CodeIgniter.php(399): CodeIgniter\CodeIgniter->runController(Object(App\Controllers\admin\Blog))
#5 F:\laragon\www\plucommerce\system\CodeIgniter.php(317): CodeIgniter\CodeIgniter->handleRequest(NULL, Object(Config\Cache), false)
#6 F:\laragon\www\plucommerce\public\index.php(37): CodeIgniter\CodeIgniter->run()
#7 {main}
CRITICAL - 2022-06-01 01:43:59 --> Undefined variable: row
#0 F:\laragon\www\plucommerce\app\Views\admin\v_editblog.php(22): CodeIgniter\Debug\Exceptions->errorHandler(8, 'Undefined varia...', 'F:\\laragon\\www\\...', 22, Array)
#1 F:\laragon\www\plucommerce\system\View\View.php(214): include('F:\\laragon\\www\\...')
#2 F:\laragon\www\plucommerce\system\View\View.php(217): CodeIgniter\View\View->CodeIgniter\View\{closure}()
#3 F:\laragon\www\plucommerce\system\Common.php(1092): CodeIgniter\View\View->render('admin/v_editblo...', Array, true)
#4 F:\laragon\www\plucommerce\app\Controllers\admin\Blog.php(49): view('admin/v_editblo...', Array)
#5 F:\laragon\www\plucommerce\system\CodeIgniter.php(802): App\Controllers\admin\Blog->editblog('1')
#6 F:\laragon\www\plucommerce\system\CodeIgniter.php(399): CodeIgniter\CodeIgniter->runController(Object(App\Controllers\admin\Blog))
#7 F:\laragon\www\plucommerce\system\CodeIgniter.php(317): CodeIgniter\CodeIgniter->handleRequest(NULL, Object(Config\Cache), false)
#8 F:\laragon\www\plucommerce\public\index.php(37): CodeIgniter\CodeIgniter->run()
#9 {main}
CRITICAL - 2022-06-01 01:44:29 --> syntax error, unexpected ''validation'' (T_CONSTANT_ENCAPSED_STRING), expecting ']'
#0 F:\laragon\www\plucommerce\system\Router\Router.php(160): CodeIgniter\Router\Router->autoRoute('admin/blog/edit...')
#1 F:\laragon\www\plucommerce\system\CodeIgniter.php(702): CodeIgniter\Router\Router->handle('admin/blog/edit...')
#2 F:\laragon\www\plucommerce\system\CodeIgniter.php(358): CodeIgniter\CodeIgniter->tryToRouteIt(Object(CodeIgniter\Router\RouteCollection))
#3 F:\laragon\www\plucommerce\system\CodeIgniter.php(317): CodeIgniter\CodeIgniter->handleRequest(NULL, Object(Config\Cache), false)
#4 F:\laragon\www\plucommerce\public\index.php(37): CodeIgniter\CodeIgniter->run()
#5 {main}
CRITICAL - 2022-06-01 01:44:35 --> Trying to access array offset on value of type null
#0 F:\laragon\www\plucommerce\app\Views\admin\v_editblog.php(22): CodeIgniter\Debug\Exceptions->errorHandler(8, 'Trying to acces...', 'F:\\laragon\\www\\...', 22, Array)
#1 F:\laragon\www\plucommerce\system\View\View.php(214): include('F:\\laragon\\www\\...')
#2 F:\laragon\www\plucommerce\system\View\View.php(217): CodeIgniter\View\View->CodeIgniter\View\{closure}()
#3 F:\laragon\www\plucommerce\system\Common.php(1092): CodeIgniter\View\View->render('admin/v_editblo...', Array, true)
#4 F:\laragon\www\plucommerce\app\Controllers\admin\Blog.php(50): view('admin/v_editblo...', Array)
#5 F:\laragon\www\plucommerce\system\CodeIgniter.php(802): App\Controllers\admin\Blog->editblog('images', 'fevicon.png')
#6 F:\laragon\www\plucommerce\system\CodeIgniter.php(399): CodeIgniter\CodeIgniter->runController(Object(App\Controllers\admin\Blog))
#7 F:\laragon\www\plucommerce\system\CodeIgniter.php(317): CodeIgniter\CodeIgniter->handleRequest(NULL, Object(Config\Cache), false)
#8 F:\laragon\www\plucommerce\public\index.php(37): CodeIgniter\CodeIgniter->run()
#9 {main}
CRITICAL - 2022-06-01 01:52:04 --> Trying to access array offset on value of type null
#0 F:\laragon\www\plucommerce\app\Views\admin\v_editblog.php(22): CodeIgniter\Debug\Exceptions->errorHandler(8, 'Trying to acces...', 'F:\\laragon\\www\\...', 22, Array)
#1 F:\laragon\www\plucommerce\system\View\View.php(214): include('F:\\laragon\\www\\...')
#2 F:\laragon\www\plucommerce\system\View\View.php(217): CodeIgniter\View\View->CodeIgniter\View\{closure}()
#3 F:\laragon\www\plucommerce\system\Common.php(1092): CodeIgniter\View\View->render('admin/v_editblo...', Array, true)
#4 F:\laragon\www\plucommerce\app\Controllers\admin\Blog.php(50): view('admin/v_editblo...', Array)
#5 F:\laragon\www\plucommerce\system\CodeIgniter.php(802): App\Controllers\admin\Blog->editblog('images', 'fevicon.png')
#6 F:\laragon\www\plucommerce\system\CodeIgniter.php(399): CodeIgniter\CodeIgniter->runController(Object(App\Controllers\admin\Blog))
#7 F:\laragon\www\plucommerce\system\CodeIgniter.php(317): CodeIgniter\CodeIgniter->handleRequest(NULL, Object(Config\Cache), false)
#8 F:\laragon\www\plucommerce\public\index.php(37): CodeIgniter\CodeIgniter->run()
#9 {main}
CRITICAL - 2022-06-01 01:52:44 --> Trying to access array offset on value of type null
#0 F:\laragon\www\plucommerce\app\Views\admin\v_editblog.php(22): CodeIgniter\Debug\Exceptions->errorHandler(8, 'Trying to acces...', 'F:\\laragon\\www\\...', 22, Array)
#1 F:\laragon\www\plucommerce\system\View\View.php(214): include('F:\\laragon\\www\\...')
#2 F:\laragon\www\plucommerce\system\View\View.php(217): CodeIgniter\View\View->CodeIgniter\View\{closure}()
#3 F:\laragon\www\plucommerce\system\Common.php(1092): CodeIgniter\View\View->render('admin/v_editblo...', Array, true)
#4 F:\laragon\www\plucommerce\app\Controllers\admin\Blog.php(50): view('admin/v_editblo...', Array)
#5 F:\laragon\www\plucommerce\system\CodeIgniter.php(802): App\Controllers\admin\Blog->editblog('images', 'fevicon.png')
#6 F:\laragon\www\plucommerce\system\CodeIgniter.php(399): CodeIgniter\CodeIgniter->runController(Object(App\Controllers\admin\Blog))
#7 F:\laragon\www\plucommerce\system\CodeIgniter.php(317): CodeIgniter\CodeIgniter->handleRequest(NULL, Object(Config\Cache), false)
#8 F:\laragon\www\plucommerce\public\index.php(37): CodeIgniter\CodeIgniter->run()
#9 {main}
CRITICAL - 2022-06-01 01:53:42 --> Trying to access array offset on value of type null
#0 F:\laragon\www\plucommerce\app\Views\admin\v_editblog.php(22): CodeIgniter\Debug\Exceptions->errorHandler(8, 'Trying to acces...', 'F:\\laragon\\www\\...', 22, Array)
#1 F:\laragon\www\plucommerce\system\View\View.php(214): include('F:\\laragon\\www\\...')
#2 F:\laragon\www\plucommerce\system\View\View.php(217): CodeIgniter\View\View->CodeIgniter\View\{closure}()
#3 F:\laragon\www\plucommerce\system\Common.php(1092): CodeIgniter\View\View->render('admin/v_editblo...', Array, true)
#4 F:\laragon\www\plucommerce\app\Controllers\admin\Blog.php(50): view('admin/v_editblo...', Array)
#5 F:\laragon\www\plucommerce\system\CodeIgniter.php(802): App\Controllers\admin\Blog->editblog('images', 'fevicon.png')
#6 F:\laragon\www\plucommerce\system\CodeIgniter.php(399): CodeIgniter\CodeIgniter->runController(Object(App\Controllers\admin\Blog))
#7 F:\laragon\www\plucommerce\system\CodeIgniter.php(317): CodeIgniter\CodeIgniter->handleRequest(NULL, Object(Config\Cache), false)
#8 F:\laragon\www\plucommerce\public\index.php(37): CodeIgniter\CodeIgniter->run()
#9 {main}
CRITICAL - 2022-06-01 01:54:13 --> Trying to access array offset on value of type null
#0 F:\laragon\www\plucommerce\app\Views\admin\v_editblog.php(22): CodeIgniter\Debug\Exceptions->errorHandler(8, 'Trying to acces...', 'F:\\laragon\\www\\...', 22, Array)
#1 F:\laragon\www\plucommerce\system\View\View.php(214): include('F:\\laragon\\www\\...')
#2 F:\laragon\www\plucommerce\system\View\View.php(217): CodeIgniter\View\View->CodeIgniter\View\{closure}()
#3 F:\laragon\www\plucommerce\system\Common.php(1092): CodeIgniter\View\View->render('admin/v_editblo...', Array, true)
#4 F:\laragon\www\plucommerce\app\Controllers\admin\Blog.php(50): view('admin/v_editblo...', Array)
#5 F:\laragon\www\plucommerce\system\CodeIgniter.php(802): App\Controllers\admin\Blog->editblog('images', 'fevicon.png')
#6 F:\laragon\www\plucommerce\system\CodeIgniter.php(399): CodeIgniter\CodeIgniter->runController(Object(App\Controllers\admin\Blog))
#7 F:\laragon\www\plucommerce\system\CodeIgniter.php(317): CodeIgniter\CodeIgniter->handleRequest(NULL, Object(Config\Cache), false)
#8 F:\laragon\www\plucommerce\public\index.php(37): CodeIgniter\CodeIgniter->run()
#9 {main}
CRITICAL - 2022-06-01 01:54:21 --> Too few arguments to function App\Controllers\admin\Blog::update(), 0 passed in F:\laragon\www\plucommerce\system\CodeIgniter.php on line 802 and exactly 1 expected
#0 F:\laragon\www\plucommerce\system\CodeIgniter.php(802): App\Controllers\admin\Blog->update()
#1 F:\laragon\www\plucommerce\system\CodeIgniter.php(399): CodeIgniter\CodeIgniter->runController(Object(App\Controllers\admin\Blog))
#2 F:\laragon\www\plucommerce\system\CodeIgniter.php(317): CodeIgniter\CodeIgniter->handleRequest(NULL, Object(Config\Cache), false)
#3 F:\laragon\www\plucommerce\public\index.php(37): CodeIgniter\CodeIgniter->run()
#4 {main}
CRITICAL - 2022-06-01 01:54:45 --> Trying to access array offset on value of type null
#0 F:\laragon\www\plucommerce\app\Views\admin\v_editblog.php(12): CodeIgniter\Debug\Exceptions->errorHandler(8, 'Trying to acces...', 'F:\\laragon\\www\\...', 12, Array)
#1 F:\laragon\www\plucommerce\system\View\View.php(214): include('F:\\laragon\\www\\...')
#2 F:\laragon\www\plucommerce\system\View\View.php(217): CodeIgniter\View\View->CodeIgniter\View\{closure}()
#3 F:\laragon\www\plucommerce\system\Common.php(1092): CodeIgniter\View\View->render('admin/v_editblo...', Array, true)
#4 F:\laragon\www\plucommerce\app\Controllers\admin\Blog.php(50): view('admin/v_editblo...', Array)
#5 F:\laragon\www\plucommerce\system\CodeIgniter.php(802): App\Controllers\admin\Blog->editblog('images', 'fevicon.png')
#6 F:\laragon\www\plucommerce\system\CodeIgniter.php(399): CodeIgniter\CodeIgniter->runController(Object(App\Controllers\admin\Blog))
#7 F:\laragon\www\plucommerce\system\CodeIgniter.php(317): CodeIgniter\CodeIgniter->handleRequest(NULL, Object(Config\Cache), false)
#8 F:\laragon\www\plucommerce\public\index.php(37): CodeIgniter\CodeIgniter->run()
#9 {main}
CRITICAL - 2022-06-01 01:54:46 --> Trying to access array offset on value of type null
#0 F:\laragon\www\plucommerce\app\Views\admin\v_editblog.php(12): CodeIgniter\Debug\Exceptions->errorHandler(8, 'Trying to acces...', 'F:\\laragon\\www\\...', 12, Array)
#1 F:\laragon\www\plucommerce\system\View\View.php(214): include('F:\\laragon\\www\\...')
#2 F:\laragon\www\plucommerce\system\View\View.php(217): CodeIgniter\View\View->CodeIgniter\View\{closure}()
#3 F:\laragon\www\plucommerce\system\Common.php(1092): CodeIgniter\View\View->render('admin/v_editblo...', Array, true)
#4 F:\laragon\www\plucommerce\app\Controllers\admin\Blog.php(50): view('admin/v_editblo...', Array)
#5 F:\laragon\www\plucommerce\system\CodeIgniter.php(802): App\Controllers\admin\Blog->editblog('images', 'fevicon.png')
#6 F:\laragon\www\plucommerce\system\CodeIgniter.php(399): CodeIgniter\CodeIgniter->runController(Object(App\Controllers\admin\Blog))
#7 F:\laragon\www\plucommerce\system\CodeIgniter.php(317): CodeIgniter\CodeIgniter->handleRequest(NULL, Object(Config\Cache), false)
#8 F:\laragon\www\plucommerce\public\index.php(37): CodeIgniter\CodeIgniter->run()
#9 {main}
CRITICAL - 2022-06-01 01:54:59 --> Trying to access array offset on value of type null
#0 F:\laragon\www\plucommerce\app\Views\admin\v_editblog.php(12): CodeIgniter\Debug\Exceptions->errorHandler(8, 'Trying to acces...', 'F:\\laragon\\www\\...', 12, Array)
#1 F:\laragon\www\plucommerce\system\View\View.php(214): include('F:\\laragon\\www\\...')
#2 F:\laragon\www\plucommerce\system\View\View.php(217): CodeIgniter\View\View->CodeIgniter\View\{closure}()
#3 F:\laragon\www\plucommerce\system\Common.php(1092): CodeIgniter\View\View->render('admin/v_editblo...', Array, true)
#4 F:\laragon\www\plucommerce\app\Controllers\admin\Blog.php(50): view('admin/v_editblo...', Array)
#5 F:\laragon\www\plucommerce\system\CodeIgniter.php(802): App\Controllers\admin\Blog->editblog('images', 'fevicon.png')
#6 F:\laragon\www\plucommerce\system\CodeIgniter.php(399): CodeIgniter\CodeIgniter->runController(Object(App\Controllers\admin\Blog))
#7 F:\laragon\www\plucommerce\system\CodeIgniter.php(317): CodeIgniter\CodeIgniter->handleRequest(NULL, Object(Config\Cache), false)
#8 F:\laragon\www\plucommerce\public\index.php(37): CodeIgniter\CodeIgniter->run()
#9 {main}
CRITICAL - 2022-06-01 02:01:24 --> syntax error, unexpected '}', expecting end of file
#0 F:\laragon\www\plucommerce\system\Router\Router.php(160): CodeIgniter\Router\Router->autoRoute('admin/blog')
#1 F:\laragon\www\plucommerce\system\CodeIgniter.php(702): CodeIgniter\Router\Router->handle('admin/blog')
#2 F:\laragon\www\plucommerce\system\CodeIgniter.php(358): CodeIgniter\CodeIgniter->tryToRouteIt(Object(CodeIgniter\Router\RouteCollection))
#3 F:\laragon\www\plucommerce\system\CodeIgniter.php(317): CodeIgniter\CodeIgniter->handleRequest(NULL, Object(Config\Cache), false)
#4 F:\laragon\www\plucommerce\public\index.php(37): CodeIgniter\CodeIgniter->run()
#5 {main}
CRITICAL - 2022-06-01 02:43:05 --> syntax error, unexpected ','
#0 F:\laragon\www\plucommerce\system\View\View.php(217): CodeIgniter\View\View->CodeIgniter\View\{closure}()
#1 F:\laragon\www\plucommerce\system\Common.php(1092): CodeIgniter\View\View->render('home/v_blog', Array, true)
#2 F:\laragon\www\plucommerce\app\Controllers\home\Blog.php(25): view('home/v_blog', Array)
#3 F:\laragon\www\plucommerce\system\CodeIgniter.php(802): App\Controllers\home\Blog->index()
#4 F:\laragon\www\plucommerce\system\CodeIgniter.php(399): CodeIgniter\CodeIgniter->runController(Object(App\Controllers\home\Blog))
#5 F:\laragon\www\plucommerce\system\CodeIgniter.php(317): CodeIgniter\CodeIgniter->handleRequest(NULL, Object(Config\Cache), false)
#6 F:\laragon\www\plucommerce\public\index.php(37): CodeIgniter\CodeIgniter->run()
#7 {main}
CRITICAL - 2022-06-01 02:43:52 --> Trying to access array offset on value of type null
#0 F:\laragon\www\plucommerce\app\Views\admin\v_editblog.php(12): CodeIgniter\Debug\Exceptions->errorHandler(8, 'Trying to acces...', 'F:\\laragon\\www\\...', 12, Array)
#1 F:\laragon\www\plucommerce\system\View\View.php(214): include('F:\\laragon\\www\\...')
#2 F:\laragon\www\plucommerce\system\View\View.php(217): CodeIgniter\View\View->CodeIgniter\View\{closure}()
#3 F:\laragon\www\plucommerce\system\Common.php(1092): CodeIgniter\View\View->render('admin/v_editblo...', Array, true)
#4 F:\laragon\www\plucommerce\app\Controllers\admin\Blog.php(50): view('admin/v_editblo...', Array)
#5 F:\laragon\www\plucommerce\system\CodeIgniter.php(802): App\Controllers\admin\Blog->editblog('images', 'fevicon.png')
#6 F:\laragon\www\plucommerce\system\CodeIgniter.php(399): CodeIgniter\CodeIgniter->runController(Object(App\Controllers\admin\Blog))
#7 F:\laragon\www\plucommerce\system\CodeIgniter.php(317): CodeIgniter\CodeIgniter->handleRequest(NULL, Object(Config\Cache), false)
#8 F:\laragon\www\plucommerce\public\index.php(37): CodeIgniter\CodeIgniter->run()
#9 {main}
CRITICAL - 2022-06-01 02:58:14 --> Trying to access array offset on value of type null
#0 F:\laragon\www\plucommerce\app\Views\home\v_detail_blog.php(14): CodeIgniter\Debug\Exceptions->errorHandler(8, 'Trying to acces...', 'F:\\laragon\\www\\...', 14, Array)
#1 F:\laragon\www\plucommerce\system\View\View.php(214): include('F:\\laragon\\www\\...')
#2 F:\laragon\www\plucommerce\system\View\View.php(217): CodeIgniter\View\View->CodeIgniter\View\{closure}()
#3 F:\laragon\www\plucommerce\system\Common.php(1092): CodeIgniter\View\View->render('home/v_detail_b...', Array, true)
#4 F:\laragon\www\plucommerce\app\Controllers\home\Blog.php(44): view('home/v_detail_b...', Array)
#5 F:\laragon\www\plucommerce\system\CodeIgniter.php(802): App\Controllers\home\Blog->detail('images', 'favicon.png')
#6 F:\laragon\www\plucommerce\system\CodeIgniter.php(399): CodeIgniter\CodeIgniter->runController(Object(App\Controllers\home\Blog))
#7 F:\laragon\www\plucommerce\system\CodeIgniter.php(317): CodeIgniter\CodeIgniter->handleRequest(NULL, Object(Config\Cache), false)
#8 F:\laragon\www\plucommerce\public\index.php(37): CodeIgniter\CodeIgniter->run()
#9 {main}
CRITICAL - 2022-06-01 02:58:57 --> Trying to access array offset on value of type null
#0 F:\laragon\www\plucommerce\app\Views\home\v_detail_blog.php(14): CodeIgniter\Debug\Exceptions->errorHandler(8, 'Trying to acces...', 'F:\\laragon\\www\\...', 14, Array)
#1 F:\laragon\www\plucommerce\system\View\View.php(214): include('F:\\laragon\\www\\...')
#2 F:\laragon\www\plucommerce\system\View\View.php(217): CodeIgniter\View\View->CodeIgniter\View\{closure}()
#3 F:\laragon\www\plucommerce\system\Common.php(1092): CodeIgniter\View\View->render('home/v_detail_b...', Array, true)
#4 F:\laragon\www\plucommerce\app\Controllers\home\Blog.php(44): view('home/v_detail_b...', Array)
#5 F:\laragon\www\plucommerce\system\CodeIgniter.php(802): App\Controllers\home\Blog->detail('images', 'favicon.png')
#6 F:\laragon\www\plucommerce\system\CodeIgniter.php(399): CodeIgniter\CodeIgniter->runController(Object(App\Controllers\home\Blog))
#7 F:\laragon\www\plucommerce\system\CodeIgniter.php(317): CodeIgniter\CodeIgniter->handleRequest(NULL, Object(Config\Cache), false)
#8 F:\laragon\www\plucommerce\public\index.php(37): CodeIgniter\CodeIgniter->run()
#9 {main}
CRITICAL - 2022-06-01 02:59:05 --> Trying to access array offset on value of type null
#0 F:\laragon\www\plucommerce\app\Views\home\v_detail_blog.php(14): CodeIgniter\Debug\Exceptions->errorHandler(8, 'Trying to acces...', 'F:\\laragon\\www\\...', 14, Array)
#1 F:\laragon\www\plucommerce\system\View\View.php(214): include('F:\\laragon\\www\\...')
#2 F:\laragon\www\plucommerce\system\View\View.php(217): CodeIgniter\View\View->CodeIgniter\View\{closure}()
#3 F:\laragon\www\plucommerce\system\Common.php(1092): CodeIgniter\View\View->render('home/v_detail_b...', Array, true)
#4 F:\laragon\www\plucommerce\app\Controllers\home\Blog.php(44): view('home/v_detail_b...', Array)
#5 F:\laragon\www\plucommerce\system\CodeIgniter.php(802): App\Controllers\home\Blog->detail('images', 'favicon.png')
#6 F:\laragon\www\plucommerce\system\CodeIgniter.php(399): CodeIgniter\CodeIgniter->runController(Object(App\Controllers\home\Blog))
#7 F:\laragon\www\plucommerce\system\CodeIgniter.php(317): CodeIgniter\CodeIgniter->handleRequest(NULL, Object(Config\Cache), false)
#8 F:\laragon\www\plucommerce\public\index.php(37): CodeIgniter\CodeIgniter->run()
#9 {main}
CRITICAL - 2022-06-01 02:59:10 --> Trying to access array offset on value of type null
#0 F:\laragon\www\plucommerce\app\Views\home\v_detail_blog.php(14): CodeIgniter\Debug\Exceptions->errorHandler(8, 'Trying to acces...', 'F:\\laragon\\www\\...', 14, Array)
#1 F:\laragon\www\plucommerce\system\View\View.php(214): include('F:\\laragon\\www\\...')
#2 F:\laragon\www\plucommerce\system\View\View.php(217): CodeIgniter\View\View->CodeIgniter\View\{closure}()
#3 F:\laragon\www\plucommerce\system\Common.php(1092): CodeIgniter\View\View->render('home/v_detail_b...', Array, true)
#4 F:\laragon\www\plucommerce\app\Controllers\home\Blog.php(44): view('home/v_detail_b...', Array)
#5 F:\laragon\www\plucommerce\system\CodeIgniter.php(802): App\Controllers\home\Blog->detail('images', 'favicon.png')
#6 F:\laragon\www\plucommerce\system\CodeIgniter.php(399): CodeIgniter\CodeIgniter->runController(Object(App\Controllers\home\Blog))
#7 F:\laragon\www\plucommerce\system\CodeIgniter.php(317): CodeIgniter\CodeIgniter->handleRequest(NULL, Object(Config\Cache), false)
#8 F:\laragon\www\plucommerce\public\index.php(37): CodeIgniter\CodeIgniter->run()
#9 {main}
CRITICAL - 2022-06-01 02:59:16 --> Trying to access array offset on value of type null
#0 F:\laragon\www\plucommerce\app\Views\home\v_detail_blog.php(14): CodeIgniter\Debug\Exceptions->errorHandler(8, 'Trying to acces...', 'F:\\laragon\\www\\...', 14, Array)
#1 F:\laragon\www\plucommerce\system\View\View.php(214): include('F:\\laragon\\www\\...')
#2 F:\laragon\www\plucommerce\system\View\View.php(217): CodeIgniter\View\View->CodeIgniter\View\{closure}()
#3 F:\laragon\www\plucommerce\system\Common.php(1092): CodeIgniter\View\View->render('home/v_detail_b...', Array, true)
#4 F:\laragon\www\plucommerce\app\Controllers\home\Blog.php(44): view('home/v_detail_b...', Array)
#5 F:\laragon\www\plucommerce\system\CodeIgniter.php(802): App\Controllers\home\Blog->detail('images', 'favicon.png')
#6 F:\laragon\www\plucommerce\system\CodeIgniter.php(399): CodeIgniter\CodeIgniter->runController(Object(App\Controllers\home\Blog))
#7 F:\laragon\www\plucommerce\system\CodeIgniter.php(317): CodeIgniter\CodeIgniter->handleRequest(NULL, Object(Config\Cache), false)
#8 F:\laragon\www\plucommerce\public\index.php(37): CodeIgniter\CodeIgniter->run()
#9 {main}
CRITICAL - 2022-06-01 02:59:25 --> Trying to access array offset on value of type null
#0 F:\laragon\www\plucommerce\app\Views\home\v_detail_blog.php(14): CodeIgniter\Debug\Exceptions->errorHandler(8, 'Trying to acces...', 'F:\\laragon\\www\\...', 14, Array)
#1 F:\laragon\www\plucommerce\system\View\View.php(214): include('F:\\laragon\\www\\...')
#2 F:\laragon\www\plucommerce\system\View\View.php(217): CodeIgniter\View\View->CodeIgniter\View\{closure}()
#3 F:\laragon\www\plucommerce\system\Common.php(1092): CodeIgniter\View\View->render('home/v_detail_b...', Array, true)
#4 F:\laragon\www\plucommerce\app\Controllers\home\Blog.php(44): view('home/v_detail_b...', Array)
#5 F:\laragon\www\plucommerce\system\CodeIgniter.php(802): App\Controllers\home\Blog->detail('images', 'favicon.png')
#6 F:\laragon\www\plucommerce\system\CodeIgniter.php(399): CodeIgniter\CodeIgniter->runController(Object(App\Controllers\home\Blog))
#7 F:\laragon\www\plucommerce\system\CodeIgniter.php(317): CodeIgniter\CodeIgniter->handleRequest(NULL, Object(Config\Cache), false)
#8 F:\laragon\www\plucommerce\public\index.php(37): CodeIgniter\CodeIgniter->run()
#9 {main}
CRITICAL - 2022-06-01 02:59:51 --> Trying to access array offset on value of type null
#0 F:\laragon\www\plucommerce\app\Views\home\v_detail_blog.php(14): CodeIgniter\Debug\Exceptions->errorHandler(8, 'Trying to acces...', 'F:\\laragon\\www\\...', 14, Array)
#1 F:\laragon\www\plucommerce\system\View\View.php(214): include('F:\\laragon\\www\\...')
#2 F:\laragon\www\plucommerce\system\View\View.php(217): CodeIgniter\View\View->CodeIgniter\View\{closure}()
#3 F:\laragon\www\plucommerce\system\Common.php(1092): CodeIgniter\View\View->render('home/v_detail_b...', Array, true)
#4 F:\laragon\www\plucommerce\app\Controllers\home\Blog.php(44): view('home/v_detail_b...', Array)
#5 F:\laragon\www\plucommerce\system\CodeIgniter.php(802): App\Controllers\home\Blog->detail('images', 'favicon.png')
#6 F:\laragon\www\plucommerce\system\CodeIgniter.php(399): CodeIgniter\CodeIgniter->runController(Object(App\Controllers\home\Blog))
#7 F:\laragon\www\plucommerce\system\CodeIgniter.php(317): CodeIgniter\CodeIgniter->handleRequest(NULL, Object(Config\Cache), false)
#8 F:\laragon\www\plucommerce\public\index.php(37): CodeIgniter\CodeIgniter->run()
#9 {main}
CRITICAL - 2022-06-01 02:59:57 --> Trying to access array offset on value of type null
#0 F:\laragon\www\plucommerce\app\Views\home\v_detail_blog.php(14): CodeIgniter\Debug\Exceptions->errorHandler(8, 'Trying to acces...', 'F:\\laragon\\www\\...', 14, Array)
#1 F:\laragon\www\plucommerce\system\View\View.php(214): include('F:\\laragon\\www\\...')
#2 F:\laragon\www\plucommerce\system\View\View.php(217): CodeIgniter\View\View->CodeIgniter\View\{closure}()
#3 F:\laragon\www\plucommerce\system\Common.php(1092): CodeIgniter\View\View->render('home/v_detail_b...', Array, true)
#4 F:\laragon\www\plucommerce\app\Controllers\home\Blog.php(44): view('home/v_detail_b...', Array)
#5 F:\laragon\www\plucommerce\system\CodeIgniter.php(802): App\Controllers\home\Blog->detail('images', 'favicon.png')
#6 F:\laragon\www\plucommerce\system\CodeIgniter.php(399): CodeIgniter\CodeIgniter->runController(Object(App\Controllers\home\Blog))
#7 F:\laragon\www\plucommerce\system\CodeIgniter.php(317): CodeIgniter\CodeIgniter->handleRequest(NULL, Object(Config\Cache), false)
#8 F:\laragon\www\plucommerce\public\index.php(37): CodeIgniter\CodeIgniter->run()
#9 {main}
CRITICAL - 2022-06-01 03:00:19 --> Trying to access array offset on value of type null
#0 F:\laragon\www\plucommerce\app\Views\home\v_detail_blog.php(14): CodeIgniter\Debug\Exceptions->errorHandler(8, 'Trying to acces...', 'F:\\laragon\\www\\...', 14, Array)
#1 F:\laragon\www\plucommerce\system\View\View.php(214): include('F:\\laragon\\www\\...')
#2 F:\laragon\www\plucommerce\system\View\View.php(217): CodeIgniter\View\View->CodeIgniter\View\{closure}()
#3 F:\laragon\www\plucommerce\system\Common.php(1092): CodeIgniter\View\View->render('home/v_detail_b...', Array, true)
#4 F:\laragon\www\plucommerce\app\Controllers\home\Blog.php(44): view('home/v_detail_b...', Array)
#5 F:\laragon\www\plucommerce\system\CodeIgniter.php(802): App\Controllers\home\Blog->detail('images', 'favicon.png')
#6 F:\laragon\www\plucommerce\system\CodeIgniter.php(399): CodeIgniter\CodeIgniter->runController(Object(App\Controllers\home\Blog))
#7 F:\laragon\www\plucommerce\system\CodeIgniter.php(317): CodeIgniter\CodeIgniter->handleRequest(NULL, Object(Config\Cache), false)
#8 F:\laragon\www\plucommerce\public\index.php(37): CodeIgniter\CodeIgniter->run()
#9 {main}
CRITICAL - 2022-06-01 03:00:29 --> Trying to access array offset on value of type null
#0 F:\laragon\www\plucommerce\app\Views\home\v_detail_blog.php(14): CodeIgniter\Debug\Exceptions->errorHandler(8, 'Trying to acces...', 'F:\\laragon\\www\\...', 14, Array)
#1 F:\laragon\www\plucommerce\system\View\View.php(214): include('F:\\laragon\\www\\...')
#2 F:\laragon\www\plucommerce\system\View\View.php(217): CodeIgniter\View\View->CodeIgniter\View\{closure}()
#3 F:\laragon\www\plucommerce\system\Common.php(1092): CodeIgniter\View\View->render('home/v_detail_b...', Array, true)
#4 F:\laragon\www\plucommerce\app\Controllers\home\Blog.php(44): view('home/v_detail_b...', Array)
#5 F:\laragon\www\plucommerce\system\CodeIgniter.php(802): App\Controllers\home\Blog->detail('images', 'favicon.png')
#6 F:\laragon\www\plucommerce\system\CodeIgniter.php(399): CodeIgniter\CodeIgniter->runController(Object(App\Controllers\home\Blog))
#7 F:\laragon\www\plucommerce\system\CodeIgniter.php(317): CodeIgniter\CodeIgniter->handleRequest(NULL, Object(Config\Cache), false)
#8 F:\laragon\www\plucommerce\public\index.php(37): CodeIgniter\CodeIgniter->run()
#9 {main}
CRITICAL - 2022-06-01 03:00:37 --> Trying to access array offset on value of type null
#0 F:\laragon\www\plucommerce\app\Views\home\v_detail_blog.php(14): CodeIgniter\Debug\Exceptions->errorHandler(8, 'Trying to acces...', 'F:\\laragon\\www\\...', 14, Array)
#1 F:\laragon\www\plucommerce\system\View\View.php(214): include('F:\\laragon\\www\\...')
#2 F:\laragon\www\plucommerce\system\View\View.php(217): CodeIgniter\View\View->CodeIgniter\View\{closure}()
#3 F:\laragon\www\plucommerce\system\Common.php(1092): CodeIgniter\View\View->render('home/v_detail_b...', Array, true)
#4 F:\laragon\www\plucommerce\app\Controllers\home\Blog.php(44): view('home/v_detail_b...', Array)
#5 F:\laragon\www\plucommerce\system\CodeIgniter.php(802): App\Controllers\home\Blog->detail('images', 'favicon.png')
#6 F:\laragon\www\plucommerce\system\CodeIgniter.php(399): CodeIgniter\CodeIgniter->runController(Object(App\Controllers\home\Blog))
#7 F:\laragon\www\plucommerce\system\CodeIgniter.php(317): CodeIgniter\CodeIgniter->handleRequest(NULL, Object(Config\Cache), false)
#8 F:\laragon\www\plucommerce\public\index.php(37): CodeIgniter\CodeIgniter->run()
#9 {main}
CRITICAL - 2022-06-01 03:00:48 --> Trying to access array offset on value of type null
#0 F:\laragon\www\plucommerce\app\Views\home\v_detail_blog.php(14): CodeIgniter\Debug\Exceptions->errorHandler(8, 'Trying to acces...', 'F:\\laragon\\www\\...', 14, Array)
#1 F:\laragon\www\plucommerce\system\View\View.php(214): include('F:\\laragon\\www\\...')
#2 F:\laragon\www\plucommerce\system\View\View.php(217): CodeIgniter\View\View->CodeIgniter\View\{closure}()
#3 F:\laragon\www\plucommerce\system\Common.php(1092): CodeIgniter\View\View->render('home/v_detail_b...', Array, true)
#4 F:\laragon\www\plucommerce\app\Controllers\home\Blog.php(44): view('home/v_detail_b...', Array)
#5 F:\laragon\www\plucommerce\system\CodeIgniter.php(802): App\Controllers\home\Blog->detail('images', 'favicon.png')
#6 F:\laragon\www\plucommerce\system\CodeIgniter.php(399): CodeIgniter\CodeIgniter->runController(Object(App\Controllers\home\Blog))
#7 F:\laragon\www\plucommerce\system\CodeIgniter.php(317): CodeIgniter\CodeIgniter->handleRequest(NULL, Object(Config\Cache), false)
#8 F:\laragon\www\plucommerce\public\index.php(37): CodeIgniter\CodeIgniter->run()
#9 {main}
CRITICAL - 2022-06-01 03:01:10 --> Trying to access array offset on value of type null
#0 F:\laragon\www\plucommerce\app\Views\home\v_detail_blog.php(14): CodeIgniter\Debug\Exceptions->errorHandler(8, 'Trying to acces...', 'F:\\laragon\\www\\...', 14, Array)
#1 F:\laragon\www\plucommerce\system\View\View.php(214): include('F:\\laragon\\www\\...')
#2 F:\laragon\www\plucommerce\system\View\View.php(217): CodeIgniter\View\View->CodeIgniter\View\{closure}()
#3 F:\laragon\www\plucommerce\system\Common.php(1092): CodeIgniter\View\View->render('home/v_detail_b...', Array, true)
#4 F:\laragon\www\plucommerce\app\Controllers\home\Blog.php(44): view('home/v_detail_b...', Array)
#5 F:\laragon\www\plucommerce\system\CodeIgniter.php(802): App\Controllers\home\Blog->detail('images', 'favicon.png')
#6 F:\laragon\www\plucommerce\system\CodeIgniter.php(399): CodeIgniter\CodeIgniter->runController(Object(App\Controllers\home\Blog))
#7 F:\laragon\www\plucommerce\system\CodeIgniter.php(317): CodeIgniter\CodeIgniter->handleRequest(NULL, Object(Config\Cache), false)
#8 F:\laragon\www\plucommerce\public\index.php(37): CodeIgniter\CodeIgniter->run()
#9 {main}
CRITICAL - 2022-06-01 03:01:19 --> Trying to access array offset on value of type null
#0 F:\laragon\www\plucommerce\app\Views\home\v_detail_blog.php(14): CodeIgniter\Debug\Exceptions->errorHandler(8, 'Trying to acces...', 'F:\\laragon\\www\\...', 14, Array)
#1 F:\laragon\www\plucommerce\system\View\View.php(214): include('F:\\laragon\\www\\...')
#2 F:\laragon\www\plucommerce\system\View\View.php(217): CodeIgniter\View\View->CodeIgniter\View\{closure}()
#3 F:\laragon\www\plucommerce\system\Common.php(1092): CodeIgniter\View\View->render('home/v_detail_b...', Array, true)
#4 F:\laragon\www\plucommerce\app\Controllers\home\Blog.php(44): view('home/v_detail_b...', Array)
#5 F:\laragon\www\plucommerce\system\CodeIgniter.php(802): App\Controllers\home\Blog->detail('images', 'favicon.png')
#6 F:\laragon\www\plucommerce\system\CodeIgniter.php(399): CodeIgniter\CodeIgniter->runController(Object(App\Controllers\home\Blog))
#7 F:\laragon\www\plucommerce\system\CodeIgniter.php(317): CodeIgniter\CodeIgniter->handleRequest(NULL, Object(Config\Cache), false)
#8 F:\laragon\www\plucommerce\public\index.php(37): CodeIgniter\CodeIgniter->run()
#9 {main}
CRITICAL - 2022-06-01 03:01:29 --> Trying to access array offset on value of type null
#0 F:\laragon\www\plucommerce\app\Views\home\v_detail_blog.php(14): CodeIgniter\Debug\Exceptions->errorHandler(8, 'Trying to acces...', 'F:\\laragon\\www\\...', 14, Array)
#1 F:\laragon\www\plucommerce\system\View\View.php(214): include('F:\\laragon\\www\\...')
#2 F:\laragon\www\plucommerce\system\View\View.php(217): CodeIgniter\View\View->CodeIgniter\View\{closure}()
#3 F:\laragon\www\plucommerce\system\Common.php(1092): CodeIgniter\View\View->render('home/v_detail_b...', Array, true)
#4 F:\laragon\www\plucommerce\app\Controllers\home\Blog.php(44): view('home/v_detail_b...', Array)
#5 F:\laragon\www\plucommerce\system\CodeIgniter.php(802): App\Controllers\home\Blog->detail('images', 'favicon.png')
#6 F:\laragon\www\plucommerce\system\CodeIgniter.php(399): CodeIgniter\CodeIgniter->runController(Object(App\Controllers\home\Blog))
#7 F:\laragon\www\plucommerce\system\CodeIgniter.php(317): CodeIgniter\CodeIgniter->handleRequest(NULL, Object(Config\Cache), false)
#8 F:\laragon\www\plucommerce\public\index.php(37): CodeIgniter\CodeIgniter->run()
#9 {main}
CRITICAL - 2022-06-01 03:01:37 --> Trying to access array offset on value of type null
#0 F:\laragon\www\plucommerce\app\Views\home\v_detail_blog.php(14): CodeIgniter\Debug\Exceptions->errorHandler(8, 'Trying to acces...', 'F:\\laragon\\www\\...', 14, Array)
#1 F:\laragon\www\plucommerce\system\View\View.php(214): include('F:\\laragon\\www\\...')
#2 F:\laragon\www\plucommerce\system\View\View.php(217): CodeIgniter\View\View->CodeIgniter\View\{closure}()
#3 F:\laragon\www\plucommerce\system\Common.php(1092): CodeIgniter\View\View->render('home/v_detail_b...', Array, true)
#4 F:\laragon\www\plucommerce\app\Controllers\home\Blog.php(44): view('home/v_detail_b...', Array)
#5 F:\laragon\www\plucommerce\system\CodeIgniter.php(802): App\Controllers\home\Blog->detail('images', 'favicon.png')
#6 F:\laragon\www\plucommerce\system\CodeIgniter.php(399): CodeIgniter\CodeIgniter->runController(Object(App\Controllers\home\Blog))
#7 F:\laragon\www\plucommerce\system\CodeIgniter.php(317): CodeIgniter\CodeIgniter->handleRequest(NULL, Object(Config\Cache), false)
#8 F:\laragon\www\plucommerce\public\index.php(37): CodeIgniter\CodeIgniter->run()
#9 {main}
CRITICAL - 2022-06-01 03:01:44 --> Trying to access array offset on value of type null
#0 F:\laragon\www\plucommerce\app\Views\home\v_detail_blog.php(14): CodeIgniter\Debug\Exceptions->errorHandler(8, 'Trying to acces...', 'F:\\laragon\\www\\...', 14, Array)
#1 F:\laragon\www\plucommerce\system\View\View.php(214): include('F:\\laragon\\www\\...')
#2 F:\laragon\www\plucommerce\system\View\View.php(217): CodeIgniter\View\View->CodeIgniter\View\{closure}()
#3 F:\laragon\www\plucommerce\system\Common.php(1092): CodeIgniter\View\View->render('home/v_detail_b...', Array, true)
#4 F:\laragon\www\plucommerce\app\Controllers\home\Blog.php(44): view('home/v_detail_b...', Array)
#5 F:\laragon\www\plucommerce\system\CodeIgniter.php(802): App\Controllers\home\Blog->detail('images', 'favicon.png')
#6 F:\laragon\www\plucommerce\system\CodeIgniter.php(399): CodeIgniter\CodeIgniter->runController(Object(App\Controllers\home\Blog))
#7 F:\laragon\www\plucommerce\system\CodeIgniter.php(317): CodeIgniter\CodeIgniter->handleRequest(NULL, Object(Config\Cache), false)
#8 F:\laragon\www\plucommerce\public\index.php(37): CodeIgniter\CodeIgniter->run()
#9 {main}
CRITICAL - 2022-06-01 03:01:50 --> Trying to access array offset on value of type null
#0 F:\laragon\www\plucommerce\app\Views\home\v_detail_blog.php(14): CodeIgniter\Debug\Exceptions->errorHandler(8, 'Trying to acces...', 'F:\\laragon\\www\\...', 14, Array)
#1 F:\laragon\www\plucommerce\system\View\View.php(214): include('F:\\laragon\\www\\...')
#2 F:\laragon\www\plucommerce\system\View\View.php(217): CodeIgniter\View\View->CodeIgniter\View\{closure}()
#3 F:\laragon\www\plucommerce\system\Common.php(1092): CodeIgniter\View\View->render('home/v_detail_b...', Array, true)
#4 F:\laragon\www\plucommerce\app\Controllers\home\Blog.php(44): view('home/v_detail_b...', Array)
#5 F:\laragon\www\plucommerce\system\CodeIgniter.php(802): App\Controllers\home\Blog->detail('images', 'favicon.png')
#6 F:\laragon\www\plucommerce\system\CodeIgniter.php(399): CodeIgniter\CodeIgniter->runController(Object(App\Controllers\home\Blog))
#7 F:\laragon\www\plucommerce\system\CodeIgniter.php(317): CodeIgniter\CodeIgniter->handleRequest(NULL, Object(Config\Cache), false)
#8 F:\laragon\www\plucommerce\public\index.php(37): CodeIgniter\CodeIgniter->run()
#9 {main}
CRITICAL - 2022-06-01 03:02:06 --> Trying to access array offset on value of type null
#0 F:\laragon\www\plucommerce\app\Views\home\v_detail_blog.php(14): CodeIgniter\Debug\Exceptions->errorHandler(8, 'Trying to acces...', 'F:\\laragon\\www\\...', 14, Array)
#1 F:\laragon\www\plucommerce\system\View\View.php(214): include('F:\\laragon\\www\\...')
#2 F:\laragon\www\plucommerce\system\View\View.php(217): CodeIgniter\View\View->CodeIgniter\View\{closure}()
#3 F:\laragon\www\plucommerce\system\Common.php(1092): CodeIgniter\View\View->render('home/v_detail_b...', Array, true)
#4 F:\laragon\www\plucommerce\app\Controllers\home\Blog.php(44): view('home/v_detail_b...', Array)
#5 F:\laragon\www\plucommerce\system\CodeIgniter.php(802): App\Controllers\home\Blog->detail('images', 'favicon.png')
#6 F:\laragon\www\plucommerce\system\CodeIgniter.php(399): CodeIgniter\CodeIgniter->runController(Object(App\Controllers\home\Blog))
#7 F:\laragon\www\plucommerce\system\CodeIgniter.php(317): CodeIgniter\CodeIgniter->handleRequest(NULL, Object(Config\Cache), false)
#8 F:\laragon\www\plucommerce\public\index.php(37): CodeIgniter\CodeIgniter->run()
#9 {main}
CRITICAL - 2022-06-01 03:02:18 --> Trying to access array offset on value of type null
#0 F:\laragon\www\plucommerce\app\Views\home\v_detail_blog.php(14): CodeIgniter\Debug\Exceptions->errorHandler(8, 'Trying to acces...', 'F:\\laragon\\www\\...', 14, Array)
#1 F:\laragon\www\plucommerce\system\View\View.php(214): include('F:\\laragon\\www\\...')
#2 F:\laragon\www\plucommerce\system\View\View.php(217): CodeIgniter\View\View->CodeIgniter\View\{closure}()
#3 F:\laragon\www\plucommerce\system\Common.php(1092): CodeIgniter\View\View->render('home/v_detail_b...', Array, true)
#4 F:\laragon\www\plucommerce\app\Controllers\home\Blog.php(44): view('home/v_detail_b...', Array)
#5 F:\laragon\www\plucommerce\system\CodeIgniter.php(802): App\Controllers\home\Blog->detail('images', 'favicon.png')
#6 F:\laragon\www\plucommerce\system\CodeIgniter.php(399): CodeIgniter\CodeIgniter->runController(Object(App\Controllers\home\Blog))
#7 F:\laragon\www\plucommerce\system\CodeIgniter.php(317): CodeIgniter\CodeIgniter->handleRequest(NULL, Object(Config\Cache), false)
#8 F:\laragon\www\plucommerce\public\index.php(37): CodeIgniter\CodeIgniter->run()
#9 {main}
CRITICAL - 2022-06-01 03:02:28 --> Trying to access array offset on value of type null
#0 F:\laragon\www\plucommerce\app\Views\home\v_detail_blog.php(14): CodeIgniter\Debug\Exceptions->errorHandler(8, 'Trying to acces...', 'F:\\laragon\\www\\...', 14, Array)
#1 F:\laragon\www\plucommerce\system\View\View.php(214): include('F:\\laragon\\www\\...')
#2 F:\laragon\www\plucommerce\system\View\View.php(217): CodeIgniter\View\View->CodeIgniter\View\{closure}()
#3 F:\laragon\www\plucommerce\system\Common.php(1092): CodeIgniter\View\View->render('home/v_detail_b...', Array, true)
#4 F:\laragon\www\plucommerce\app\Controllers\home\Blog.php(44): view('home/v_detail_b...', Array)
#5 F:\laragon\www\plucommerce\system\CodeIgniter.php(802): App\Controllers\home\Blog->detail('images', 'favicon.png')
#6 F:\laragon\www\plucommerce\system\CodeIgniter.php(399): CodeIgniter\CodeIgniter->runController(Object(App\Controllers\home\Blog))
#7 F:\laragon\www\plucommerce\system\CodeIgniter.php(317): CodeIgniter\CodeIgniter->handleRequest(NULL, Object(Config\Cache), false)
#8 F:\laragon\www\plucommerce\public\index.php(37): CodeIgniter\CodeIgniter->run()
#9 {main}
CRITICAL - 2022-06-01 03:02:37 --> Trying to access array offset on value of type null
#0 F:\laragon\www\plucommerce\app\Views\home\v_detail_blog.php(14): CodeIgniter\Debug\Exceptions->errorHandler(8, 'Trying to acces...', 'F:\\laragon\\www\\...', 14, Array)
#1 F:\laragon\www\plucommerce\system\View\View.php(214): include('F:\\laragon\\www\\...')
#2 F:\laragon\www\plucommerce\system\View\View.php(217): CodeIgniter\View\View->CodeIgniter\View\{closure}()
#3 F:\laragon\www\plucommerce\system\Common.php(1092): CodeIgniter\View\View->render('home/v_detail_b...', Array, true)
#4 F:\laragon\www\plucommerce\app\Controllers\home\Blog.php(44): view('home/v_detail_b...', Array)
#5 F:\laragon\www\plucommerce\system\CodeIgniter.php(802): App\Controllers\home\Blog->detail('images', 'favicon.png')
#6 F:\laragon\www\plucommerce\system\CodeIgniter.php(399): CodeIgniter\CodeIgniter->runController(Object(App\Controllers\home\Blog))
#7 F:\laragon\www\plucommerce\system\CodeIgniter.php(317): CodeIgniter\CodeIgniter->handleRequest(NULL, Object(Config\Cache), false)
#8 F:\laragon\www\plucommerce\public\index.php(37): CodeIgniter\CodeIgniter->run()
#9 {main}
CRITICAL - 2022-06-01 03:02:52 --> Trying to access array offset on value of type null
#0 F:\laragon\www\plucommerce\app\Views\home\v_detail_blog.php(14): CodeIgniter\Debug\Exceptions->errorHandler(8, 'Trying to acces...', 'F:\\laragon\\www\\...', 14, Array)
#1 F:\laragon\www\plucommerce\system\View\View.php(214): include('F:\\laragon\\www\\...')
#2 F:\laragon\www\plucommerce\system\View\View.php(217): CodeIgniter\View\View->CodeIgniter\View\{closure}()
#3 F:\laragon\www\plucommerce\system\Common.php(1092): CodeIgniter\View\View->render('home/v_detail_b...', Array, true)
#4 F:\laragon\www\plucommerce\app\Controllers\home\Blog.php(44): view('home/v_detail_b...', Array)
#5 F:\laragon\www\plucommerce\system\CodeIgniter.php(802): App\Controllers\home\Blog->detail('images', 'favicon.png')
#6 F:\laragon\www\plucommerce\system\CodeIgniter.php(399): CodeIgniter\CodeIgniter->runController(Object(App\Controllers\home\Blog))
#7 F:\laragon\www\plucommerce\system\CodeIgniter.php(317): CodeIgniter\CodeIgniter->handleRequest(NULL, Object(Config\Cache), false)
#8 F:\laragon\www\plucommerce\public\index.php(37): CodeIgniter\CodeIgniter->run()
#9 {main}
CRITICAL - 2022-06-01 03:02:57 --> Trying to access array offset on value of type null
#0 F:\laragon\www\plucommerce\app\Views\home\v_detail_blog.php(14): CodeIgniter\Debug\Exceptions->errorHandler(8, 'Trying to acces...', 'F:\\laragon\\www\\...', 14, Array)
#1 F:\laragon\www\plucommerce\system\View\View.php(214): include('F:\\laragon\\www\\...')
#2 F:\laragon\www\plucommerce\system\View\View.php(217): CodeIgniter\View\View->CodeIgniter\View\{closure}()
#3 F:\laragon\www\plucommerce\system\Common.php(1092): CodeIgniter\View\View->render('home/v_detail_b...', Array, true)
#4 F:\laragon\www\plucommerce\app\Controllers\home\Blog.php(44): view('home/v_detail_b...', Array)
#5 F:\laragon\www\plucommerce\system\CodeIgniter.php(802): App\Controllers\home\Blog->detail('images', 'favicon.png')
#6 F:\laragon\www\plucommerce\system\CodeIgniter.php(399): CodeIgniter\CodeIgniter->runController(Object(App\Controllers\home\Blog))
#7 F:\laragon\www\plucommerce\system\CodeIgniter.php(317): CodeIgniter\CodeIgniter->handleRequest(NULL, Object(Config\Cache), false)
#8 F:\laragon\www\plucommerce\public\index.php(37): CodeIgniter\CodeIgniter->run()
#9 {main}
CRITICAL - 2022-06-01 03:04:34 --> Trying to access array offset on value of type null
#0 F:\laragon\www\plucommerce\app\Views\home\v_detail_blog.php(14): CodeIgniter\Debug\Exceptions->errorHandler(8, 'Trying to acces...', 'F:\\laragon\\www\\...', 14, Array)
#1 F:\laragon\www\plucommerce\system\View\View.php(214): include('F:\\laragon\\www\\...')
#2 F:\laragon\www\plucommerce\system\View\View.php(217): CodeIgniter\View\View->CodeIgniter\View\{closure}()
#3 F:\laragon\www\plucommerce\system\Common.php(1092): CodeIgniter\View\View->render('home/v_detail_b...', Array, true)
#4 F:\laragon\www\plucommerce\app\Controllers\home\Blog.php(44): view('home/v_detail_b...', Array)
#5 F:\laragon\www\plucommerce\system\CodeIgniter.php(802): App\Controllers\home\Blog->detail('images', 'favicon.png')
#6 F:\laragon\www\plucommerce\system\CodeIgniter.php(399): CodeIgniter\CodeIgniter->runController(Object(App\Controllers\home\Blog))
#7 F:\laragon\www\plucommerce\system\CodeIgniter.php(317): CodeIgniter\CodeIgniter->handleRequest(NULL, Object(Config\Cache), false)
#8 F:\laragon\www\plucommerce\public\index.php(37): CodeIgniter\CodeIgniter->run()
#9 {main}
CRITICAL - 2022-06-01 03:05:23 --> Trying to access array offset on value of type null
#0 F:\laragon\www\plucommerce\app\Views\home\v_detail_blog.php(14): CodeIgniter\Debug\Exceptions->errorHandler(8, 'Trying to acces...', 'F:\\laragon\\www\\...', 14, Array)
#1 F:\laragon\www\plucommerce\system\View\View.php(214): include('F:\\laragon\\www\\...')
#2 F:\laragon\www\plucommerce\system\View\View.php(217): CodeIgniter\View\View->CodeIgniter\View\{closure}()
#3 F:\laragon\www\plucommerce\system\Common.php(1092): CodeIgniter\View\View->render('home/v_detail_b...', Array, true)
#4 F:\laragon\www\plucommerce\app\Controllers\home\Blog.php(44): view('home/v_detail_b...', Array)
#5 F:\laragon\www\plucommerce\system\CodeIgniter.php(802): App\Controllers\home\Blog->detail('images', 'favicon.png')
#6 F:\laragon\www\plucommerce\system\CodeIgniter.php(399): CodeIgniter\CodeIgniter->runController(Object(App\Controllers\home\Blog))
#7 F:\laragon\www\plucommerce\system\CodeIgniter.php(317): CodeIgniter\CodeIgniter->handleRequest(NULL, Object(Config\Cache), false)
#8 F:\laragon\www\plucommerce\public\index.php(37): CodeIgniter\CodeIgniter->run()
#9 {main}
CRITICAL - 2022-06-01 03:05:28 --> Trying to access array offset on value of type null
#0 F:\laragon\www\plucommerce\app\Views\home\v_detail_blog.php(14): CodeIgniter\Debug\Exceptions->errorHandler(8, 'Trying to acces...', 'F:\\laragon\\www\\...', 14, Array)
#1 F:\laragon\www\plucommerce\system\View\View.php(214): include('F:\\laragon\\www\\...')
#2 F:\laragon\www\plucommerce\system\View\View.php(217): CodeIgniter\View\View->CodeIgniter\View\{closure}()
#3 F:\laragon\www\plucommerce\system\Common.php(1092): CodeIgniter\View\View->render('home/v_detail_b...', Array, true)
#4 F:\laragon\www\plucommerce\app\Controllers\home\Blog.php(44): view('home/v_detail_b...', Array)
#5 F:\laragon\www\plucommerce\system\CodeIgniter.php(802): App\Controllers\home\Blog->detail('images', 'favicon.png')
#6 F:\laragon\www\plucommerce\system\CodeIgniter.php(399): CodeIgniter\CodeIgniter->runController(Object(App\Controllers\home\Blog))
#7 F:\laragon\www\plucommerce\system\CodeIgniter.php(317): CodeIgniter\CodeIgniter->handleRequest(NULL, Object(Config\Cache), false)
#8 F:\laragon\www\plucommerce\public\index.php(37): CodeIgniter\CodeIgniter->run()
#9 {main}
CRITICAL - 2022-06-01 03:05:38 --> Trying to access array offset on value of type null
#0 F:\laragon\www\plucommerce\app\Views\home\v_detail_blog.php(14): CodeIgniter\Debug\Exceptions->errorHandler(8, 'Trying to acces...', 'F:\\laragon\\www\\...', 14, Array)
#1 F:\laragon\www\plucommerce\system\View\View.php(214): include('F:\\laragon\\www\\...')
#2 F:\laragon\www\plucommerce\system\View\View.php(217): CodeIgniter\View\View->CodeIgniter\View\{closure}()
#3 F:\laragon\www\plucommerce\system\Common.php(1092): CodeIgniter\View\View->render('home/v_detail_b...', Array, true)
#4 F:\laragon\www\plucommerce\app\Controllers\home\Blog.php(44): view('home/v_detail_b...', Array)
#5 F:\laragon\www\plucommerce\system\CodeIgniter.php(802): App\Controllers\home\Blog->detail('images', 'favicon.png')
#6 F:\laragon\www\plucommerce\system\CodeIgniter.php(399): CodeIgniter\CodeIgniter->runController(Object(App\Controllers\home\Blog))
#7 F:\laragon\www\plucommerce\system\CodeIgniter.php(317): CodeIgniter\CodeIgniter->handleRequest(NULL, Object(Config\Cache), false)
#8 F:\laragon\www\plucommerce\public\index.php(37): CodeIgniter\CodeIgniter->run()
#9 {main}
CRITICAL - 2022-06-01 03:06:02 --> Trying to access array offset on value of type null
#0 F:\laragon\www\plucommerce\app\Views\home\v_detail_blog.php(14): CodeIgniter\Debug\Exceptions->errorHandler(8, 'Trying to acces...', 'F:\\laragon\\www\\...', 14, Array)
#1 F:\laragon\www\plucommerce\system\View\View.php(214): include('F:\\laragon\\www\\...')
#2 F:\laragon\www\plucommerce\system\View\View.php(217): CodeIgniter\View\View->CodeIgniter\View\{closure}()
#3 F:\laragon\www\plucommerce\system\Common.php(1092): CodeIgniter\View\View->render('home/v_detail_b...', Array, true)
#4 F:\laragon\www\plucommerce\app\Controllers\home\Blog.php(44): view('home/v_detail_b...', Array)
#5 F:\laragon\www\plucommerce\system\CodeIgniter.php(802): App\Controllers\home\Blog->detail('images', 'favicon.png')
#6 F:\laragon\www\plucommerce\system\CodeIgniter.php(399): CodeIgniter\CodeIgniter->runController(Object(App\Controllers\home\Blog))
#7 F:\laragon\www\plucommerce\system\CodeIgniter.php(317): CodeIgniter\CodeIgniter->handleRequest(NULL, Object(Config\Cache), false)
#8 F:\laragon\www\plucommerce\public\index.php(37): CodeIgniter\CodeIgniter->run()
#9 {main}
CRITICAL - 2022-06-01 03:09:52 --> Trying to access array offset on value of type null
#0 F:\laragon\www\plucommerce\app\Views\home\v_detail_blog.php(14): CodeIgniter\Debug\Exceptions->errorHandler(8, 'Trying to acces...', 'F:\\laragon\\www\\...', 14, Array)
#1 F:\laragon\www\plucommerce\system\View\View.php(214): include('F:\\laragon\\www\\...')
#2 F:\laragon\www\plucommerce\system\View\View.php(217): CodeIgniter\View\View->CodeIgniter\View\{closure}()
#3 F:\laragon\www\plucommerce\system\Common.php(1092): CodeIgniter\View\View->render('home/v_detail_b...', Array, true)
#4 F:\laragon\www\plucommerce\app\Controllers\home\Blog.php(44): view('home/v_detail_b...', Array)
#5 F:\laragon\www\plucommerce\system\CodeIgniter.php(802): App\Controllers\home\Blog->detail('images', 'favicon.png')
#6 F:\laragon\www\plucommerce\system\CodeIgniter.php(399): CodeIgniter\CodeIgniter->runController(Object(App\Controllers\home\Blog))
#7 F:\laragon\www\plucommerce\system\CodeIgniter.php(317): CodeIgniter\CodeIgniter->handleRequest(NULL, Object(Config\Cache), false)
#8 F:\laragon\www\plucommerce\public\index.php(37): CodeIgniter\CodeIgniter->run()
#9 {main}
CRITICAL - 2022-06-01 03:30:19 --> Trying to access array offset on value of type null
#0 F:\laragon\www\plucommerce\app\Views\home\v_detail_blog.php(14): CodeIgniter\Debug\Exceptions->errorHandler(8, 'Trying to acces...', 'F:\\laragon\\www\\...', 14, Array)
#1 F:\laragon\www\plucommerce\system\View\View.php(214): include('F:\\laragon\\www\\...')
#2 F:\laragon\www\plucommerce\system\View\View.php(217): CodeIgniter\View\View->CodeIgniter\View\{closure}()
#3 F:\laragon\www\plucommerce\system\Common.php(1092): CodeIgniter\View\View->render('home/v_detail_b...', Array, true)
#4 F:\laragon\www\plucommerce\app\Controllers\home\Blog.php(44): view('home/v_detail_b...', Array)
#5 F:\laragon\www\plucommerce\system\CodeIgniter.php(802): App\Controllers\home\Blog->detail('images', 'favicon.png')
#6 F:\laragon\www\plucommerce\system\CodeIgniter.php(399): CodeIgniter\CodeIgniter->runController(Object(App\Controllers\home\Blog))
#7 F:\laragon\www\plucommerce\system\CodeIgniter.php(317): CodeIgniter\CodeIgniter->handleRequest(NULL, Object(Config\Cache), false)
#8 F:\laragon\www\plucommerce\public\index.php(37): CodeIgniter\CodeIgniter->run()
#9 {main}
CRITICAL - 2022-06-01 03:30:27 --> Trying to access array offset on value of type null
#0 F:\laragon\www\plucommerce\app\Views\home\v_detail_blog.php(14): CodeIgniter\Debug\Exceptions->errorHandler(8, 'Trying to acces...', 'F:\\laragon\\www\\...', 14, Array)
#1 F:\laragon\www\plucommerce\system\View\View.php(214): include('F:\\laragon\\www\\...')
#2 F:\laragon\www\plucommerce\system\View\View.php(217): CodeIgniter\View\View->CodeIgniter\View\{closure}()
#3 F:\laragon\www\plucommerce\system\Common.php(1092): CodeIgniter\View\View->render('home/v_detail_b...', Array, true)
#4 F:\laragon\www\plucommerce\app\Controllers\home\Blog.php(44): view('home/v_detail_b...', Array)
#5 F:\laragon\www\plucommerce\system\CodeIgniter.php(802): App\Controllers\home\Blog->detail('images', 'favicon.png')
#6 F:\laragon\www\plucommerce\system\CodeIgniter.php(399): CodeIgniter\CodeIgniter->runController(Object(App\Controllers\home\Blog))
#7 F:\laragon\www\plucommerce\system\CodeIgniter.php(317): CodeIgniter\CodeIgniter->handleRequest(NULL, Object(Config\Cache), false)
#8 F:\laragon\www\plucommerce\public\index.php(37): CodeIgniter\CodeIgniter->run()
#9 {main}
CRITICAL - 2022-06-01 04:00:16 --> Invalid file: admin/v_pembeli.php
#0 F:\laragon\www\plucommerce\system\View\View.php(198): CodeIgniter\Exceptions\FrameworkException::forInvalidFile('admin/v_pembeli...')
#1 F:\laragon\www\plucommerce\system\Common.php(1092): CodeIgniter\View\View->render('admin/v_pembeli', Array, true)
#2 F:\laragon\www\plucommerce\app\Controllers\admin\Pembeli.php(26): view('admin/v_pembeli', Array)
#3 F:\laragon\www\plucommerce\system\CodeIgniter.php(802): App\Controllers\admin\Pembeli->index()
#4 F:\laragon\www\plucommerce\system\CodeIgniter.php(399): CodeIgniter\CodeIgniter->runController(Object(App\Controllers\admin\Pembeli))
#5 F:\laragon\www\plucommerce\system\CodeIgniter.php(317): CodeIgniter\CodeIgniter->handleRequest(NULL, Object(Config\Cache), false)
#6 F:\laragon\www\plucommerce\public\index.php(37): CodeIgniter\CodeIgniter->run()
#7 {main}
CRITICAL - 2022-06-01 04:07:02 --> Undefined index: nama_users
#0 F:\laragon\www\plucommerce\app\Views\admin\v_pembeli.php(50): CodeIgniter\Debug\Exceptions->errorHandler(8, 'Undefined index...', 'F:\\laragon\\www\\...', 50, Array)
#1 F:\laragon\www\plucommerce\system\View\View.php(214): include('F:\\laragon\\www\\...')
#2 F:\laragon\www\plucommerce\system\View\View.php(217): CodeIgniter\View\View->CodeIgniter\View\{closure}()
#3 F:\laragon\www\plucommerce\system\Common.php(1092): CodeIgniter\View\View->render('admin/v_pembeli', Array, true)
#4 F:\laragon\www\plucommerce\app\Controllers\admin\Pembeli.php(26): view('admin/v_pembeli', Array)
#5 F:\laragon\www\plucommerce\system\CodeIgniter.php(802): App\Controllers\admin\Pembeli->index()
#6 F:\laragon\www\plucommerce\system\CodeIgniter.php(399): CodeIgniter\CodeIgniter->runController(Object(App\Controllers\admin\Pembeli))
#7 F:\laragon\www\plucommerce\system\CodeIgniter.php(317): CodeIgniter\CodeIgniter->handleRequest(NULL, Object(Config\Cache), false)
#8 F:\laragon\www\plucommerce\public\index.php(37): CodeIgniter\CodeIgniter->run()
#9 {main}
CRITICAL - 2022-06-01 09:40:22 --> Undefined variable: title
#0 F:\laragon\www\plucommerce\app\Views\template\t_admin.php(142): CodeIgniter\Debug\Exceptions->errorHandler(8, 'Undefined varia...', 'F:\\laragon\\www\\...', 142, Array)
#1 F:\laragon\www\plucommerce\system\View\View.php(214): include('F:\\laragon\\www\\...')
#2 F:\laragon\www\plucommerce\system\View\View.php(217): CodeIgniter\View\View->CodeIgniter\View\{closure}()
#3 F:\laragon\www\plucommerce\system\View\View.php(230): CodeIgniter\View\View->render('template/t_admi...', Array, true)
#4 F:\laragon\www\plucommerce\system\Common.php(1092): CodeIgniter\View\View->render('admin/v_tambahp...', Array, true)
#5 F:\laragon\www\plucommerce\app\Controllers\admin\Produk.php(34): view('admin/v_tambahp...', Array)
#6 F:\laragon\www\plucommerce\system\CodeIgniter.php(802): App\Controllers\admin\Produk->formtambah()
#7 F:\laragon\www\plucommerce\system\CodeIgniter.php(399): CodeIgniter\CodeIgniter->runController(Object(App\Controllers\admin\Produk))
#8 F:\laragon\www\plucommerce\system\CodeIgniter.php(317): CodeIgniter\CodeIgniter->handleRequest(NULL, Object(Config\Cache), false)
#9 F:\laragon\www\plucommerce\public\index.php(37): CodeIgniter\CodeIgniter->run()
#10 {main}
CRITICAL - 2022-06-01 09:40:35 --> Trying to access array offset on value of type null
#0 F:\laragon\www\plucommerce\app\Views\admin\v_editblog.php(12): CodeIgniter\Debug\Exceptions->errorHandler(8, 'Trying to acces...', 'F:\\laragon\\www\\...', 12, Array)
#1 F:\laragon\www\plucommerce\system\View\View.php(214): include('F:\\laragon\\www\\...')
#2 F:\laragon\www\plucommerce\system\View\View.php(217): CodeIgniter\View\View->CodeIgniter\View\{closure}()
#3 F:\laragon\www\plucommerce\system\Common.php(1092): CodeIgniter\View\View->render('admin/v_editblo...', Array, true)
#4 F:\laragon\www\plucommerce\app\Controllers\admin\Blog.php(50): view('admin/v_editblo...', Array)
#5 F:\laragon\www\plucommerce\system\CodeIgniter.php(802): App\Controllers\admin\Blog->editblog('images', 'fevicon.png')
#6 F:\laragon\www\plucommerce\system\CodeIgniter.php(399): CodeIgniter\CodeIgniter->runController(Object(App\Controllers\admin\Blog))
#7 F:\laragon\www\plucommerce\system\CodeIgniter.php(317): CodeIgniter\CodeIgniter->handleRequest(NULL, Object(Config\Cache), false)
#8 F:\laragon\www\plucommerce\public\index.php(37): CodeIgniter\CodeIgniter->run()
#9 {main}
CRITICAL - 2022-06-01 09:40:53 --> Trying to access array offset on value of type null
#0 F:\laragon\www\plucommerce\app\Views\admin\v_editblog.php(12): CodeIgniter\Debug\Exceptions->errorHandler(8, 'Trying to acces...', 'F:\\laragon\\www\\...', 12, Array)
#1 F:\laragon\www\plucommerce\system\View\View.php(214): include('F:\\laragon\\www\\...')
#2 F:\laragon\www\plucommerce\system\View\View.php(217): CodeIgniter\View\View->CodeIgniter\View\{closure}()
#3 F:\laragon\www\plucommerce\system\Common.php(1092): CodeIgniter\View\View->render('admin/v_editblo...', Array, true)
#4 F:\laragon\www\plucommerce\app\Controllers\admin\Blog.php(50): view('admin/v_editblo...', Array)
#5 F:\laragon\www\plucommerce\system\CodeIgniter.php(802): App\Controllers\admin\Blog->editblog('images', 'fevicon.png')
#6 F:\laragon\www\plucommerce\system\CodeIgniter.php(399): CodeIgniter\CodeIgniter->runController(Object(App\Controllers\admin\Blog))
#7 F:\laragon\www\plucommerce\system\CodeIgniter.php(317): CodeIgniter\CodeIgniter->handleRequest(NULL, Object(Config\Cache), false)
#8 F:\laragon\www\plucommerce\public\index.php(37): CodeIgniter\CodeIgniter->run()
#9 {main}
CRITICAL - 2022-06-01 09:41:33 --> Trying to access array offset on value of type null
#0 F:\laragon\www\plucommerce\app\Views\admin\v_editblog.php(12): CodeIgniter\Debug\Exceptions->errorHandler(8, 'Trying to acces...', 'F:\\laragon\\www\\...', 12, Array)
#1 F:\laragon\www\plucommerce\system\View\View.php(214): include('F:\\laragon\\www\\...')
#2 F:\laragon\www\plucommerce\system\View\View.php(217): CodeIgniter\View\View->CodeIgniter\View\{closure}()
#3 F:\laragon\www\plucommerce\system\Common.php(1092): CodeIgniter\View\View->render('admin/v_editblo...', Array, true)
#4 F:\laragon\www\plucommerce\app\Controllers\admin\Blog.php(50): view('admin/v_editblo...', Array)
#5 F:\laragon\www\plucommerce\system\CodeIgniter.php(802): App\Controllers\admin\Blog->editblog('images', 'fevicon.png')
#6 F:\laragon\www\plucommerce\system\CodeIgniter.php(399): CodeIgniter\CodeIgniter->runController(Object(App\Controllers\admin\Blog))
#7 F:\laragon\www\plucommerce\system\CodeIgniter.php(317): CodeIgniter\CodeIgniter->handleRequest(NULL, Object(Config\Cache), false)
#8 F:\laragon\www\plucommerce\public\index.php(37): CodeIgniter\CodeIgniter->run()
#9 {main}
CRITICAL - 2022-06-01 09:45:41 --> Trying to access array offset on value of type null
#0 F:\laragon\www\plucommerce\app\Views\home\v_detail_blog.php(14): CodeIgniter\Debug\Exceptions->errorHandler(8, 'Trying to acces...', 'F:\\laragon\\www\\...', 14, Array)
#1 F:\laragon\www\plucommerce\system\View\View.php(214): include('F:\\laragon\\www\\...')
#2 F:\laragon\www\plucommerce\system\View\View.php(217): CodeIgniter\View\View->CodeIgniter\View\{closure}()
#3 F:\laragon\www\plucommerce\system\Common.php(1092): CodeIgniter\View\View->render('home/v_detail_b...', Array, true)
#4 F:\laragon\www\plucommerce\app\Controllers\home\Blog.php(44): view('home/v_detail_b...', Array)
#5 F:\laragon\www\plucommerce\system\CodeIgniter.php(802): App\Controllers\home\Blog->detail('images', 'favicon.png')
#6 F:\laragon\www\plucommerce\system\CodeIgniter.php(399): CodeIgniter\CodeIgniter->runController(Object(App\Controllers\home\Blog))
#7 F:\laragon\www\plucommerce\system\CodeIgniter.php(317): CodeIgniter\CodeIgniter->handleRequest(NULL, Object(Config\Cache), false)
#8 F:\laragon\www\plucommerce\public\index.php(37): CodeIgniter\CodeIgniter->run()
#9 {main}
